<?xml version="1.0" encoding="UTF-8"?>
<testsuite name="com.example.demo.repository.MemoryMemberRepositoryTest" tests="3" skipped="0" failures="0" errors="0" timestamp="2024-10-12T06:51:19" hostname="songsuhyeon-ui-MacBookAir.local" time="0.08">
  <properties/>
  <testcase name="findAll()" classname="com.example.demo.repository.MemoryMemberRepositoryTest" time="0.076"/>
  <testcase name="findByName()" classname="com.example.demo.repository.MemoryMemberRepositoryTest" time="0.0"/>
  <testcase name="save()" classname="com.example.demo.repository.MemoryMemberRepositoryTest" time="0.002"/>
  <system-out><![CDATA[]]></system-out>
  <system-err><![CDATA[]]></system-err>
</testsuite>
