<?xml version="1.0" encoding="UTF-8"?>
<testsuite name="com.example.demo.service.MemberServiceTest" tests="3" skipped="0" failures="0" errors="0" timestamp="2024-10-12T06:51:19" hostname="songsuhyeon-ui-MacBookAir.local" time="0.014">
  <properties/>
  <testcase name="findOne()" classname="com.example.demo.service.MemberServiceTest" time="0.001"/>
  <testcase name="join()" classname="com.example.demo.service.MemberServiceTest" time="0.008"/>
  <testcase name="findMembers()" classname="com.example.demo.service.MemberServiceTest" time="0.004"/>
  <system-out><![CDATA[]]></system-out>
  <system-err><![CDATA[]]></system-err>
</testsuite>
